
Cloning into 'hpce-2017-cw3-aes414'...
commit 909443f8f5d5843d1ca9db643bd111885cb1f7ac
Author: m8pple <dt10@imperial.ac.uk>
Date:   Thu Nov 2 18:45:32 2017 +0000

    (AWS) Auto-test for 2017-11-02--18-42
aes414, 0, Have src/aes414/step_world_v1_lambda.cpp, PASS
Makeing : ./tmp/aes414/working/src/aes414 in /home/admin/hpce-2017-private/scripts/cw3
cp ./tmp/aes414/hpce-2017-cw3-aes414/src/aes414/step_world_v1_lambda.cpp ./tmp/aes414/working/src/aes414/step_world_v1_lambda.cpp
aes414, 1, Have src/aes414/step_world_v1_lambda.cpp, PASS
Makeing : ./tmp/aes414/working/src/aes414 in /home/admin/hpce-2017-private/scripts/cw3
cp ./tmp/aes414/hpce-2017-cw3-aes414/src/aes414/step_world_v1_lambda.cpp ./tmp/aes414/working/src/aes414/step_world_v1_lambda.cpp
dos2unix: converting file ./tmp/aes414/working/src/aes414/step_world_v1_lambda.cpp to Unix format ...
aes414, 2, Have src/aes414/step_world_v2_function.cpp, PASS
Makeing : ./tmp/aes414/working/src/aes414 in /home/admin/hpce-2017-private/scripts/cw3
cp ./tmp/aes414/hpce-2017-cw3-aes414/src/aes414/step_world_v2_function.cpp ./tmp/aes414/working/src/aes414/step_world_v2_function.cpp
dos2unix: converting file ./tmp/aes414/working/src/aes414/step_world_v2_function.cpp to Unix format ...
aes414, 3, Have src/aes414/step_world_v3_opencl.cpp, PASS
Makeing : ./tmp/aes414/working/src/aes414 in /home/admin/hpce-2017-private/scripts/cw3
cp ./tmp/aes414/hpce-2017-cw3-aes414/src/aes414/step_world_v3_opencl.cpp ./tmp/aes414/working/src/aes414/step_world_v3_opencl.cpp
dos2unix: converting file ./tmp/aes414/working/src/aes414/step_world_v3_opencl.cpp to Unix format ...
aes414, 4, Have src/aes414/step_world_v3_kernel.cl, PASS
Makeing : ./tmp/aes414/working/src/aes414 in /home/admin/hpce-2017-private/scripts/cw3
cp ./tmp/aes414/hpce-2017-cw3-aes414/src/aes414/step_world_v3_kernel.cl ./tmp/aes414/working/src/aes414/step_world_v3_kernel.cl
dos2unix: converting file ./tmp/aes414/working/src/aes414/step_world_v3_kernel.cl to Unix format ...
aes414, 5, Have src/aes414/step_world_v4_double_buffered.cpp, PASS
Makeing : ./tmp/aes414/working/src/aes414 in /home/admin/hpce-2017-private/scripts/cw3
cp ./tmp/aes414/hpce-2017-cw3-aes414/src/aes414/step_world_v4_double_buffered.cpp ./tmp/aes414/working/src/aes414/step_world_v4_double_buffered.cpp
dos2unix: converting file ./tmp/aes414/working/src/aes414/step_world_v4_double_buffered.cpp to Unix format ...
aes414, 6, Have src/aes414/step_world_v5_packed_properties.cpp, PASS
Makeing : ./tmp/aes414/working/src/aes414 in /home/admin/hpce-2017-private/scripts/cw3
cp ./tmp/aes414/hpce-2017-cw3-aes414/src/aes414/step_world_v5_packed_properties.cpp ./tmp/aes414/working/src/aes414/step_world_v5_packed_properties.cpp
dos2unix: converting file ./tmp/aes414/working/src/aes414/step_world_v5_packed_properties.cpp to Unix format ...
aes414, 7, Have src/aes414/step_world_v5_packed_properties.cl, PASS
dos2unix: converting file ./tmp/aes414/working/src/aes414/step_world_v5_packed_properties.cl to Unix format ...
1
(cd ./tmp/aes414/working && g++ -std=c++14 -O3 -W -Wall -g -I include -I /home/admin/hpce-2017-private/scripts/cw3/scripts/include /home/admin/hpce-2017-private/scripts/cw3/scripts/src/heat.cpp src/aes414/step_world_v1_lambda.cpp -o step_world_v1_lambda) &> ./tmp/aes414/log/build_v1_lambda.log
(cd ./tmp/aes414/working && g++ -std=c++14 -O3 -W -Wall -g -I include -I /home/admin/hpce-2017-private/scripts/cw3/scripts/include /home/admin/hpce-2017-private/scripts/cw3/scripts/src/heat.cpp src/aes414/step_world_v1_lambda.cpp -o step_world_v1_lambda) &> ./tmp/aes414/log/build_v1_lambda.log
aes414, 8, Compiling step_world_v1_lambda.cpp, PASS
(cd ./tmp/aes414/working && g++ -std=c++14 -O3 -W -Wall -g -I include -I /home/admin/hpce-2017-private/scripts/cw3/scripts/include /home/admin/hpce-2017-private/scripts/cw3/scripts/src/heat.cpp src/aes414/step_world_v2_function.cpp -o step_world_v2_function) &> ./tmp/aes414/log/build_v2_function.log
aes414, 9, Compiling step_world_v2_function.cpp, PASS
(cd $WORKING_DIR && $PREPROC src/$SL/step_world_v3_opencl.cpp -o - | $SCRIPTS_DIR/extract_preprocessed_part.pl src/$SL/step_world_v3_opencl.cpp | grep enqueueNDRangeKernel - )
  queue.enqueueNDRangeKernel(kernel, offset, globalSize, localSize, &kernelDependencies, &evExecutedKernel);
aes414, 10, Checking step_world_v3_opencl actually enqueues a kernel., PASS
(cd ./tmp/aes414/working && g++ -std=c++14 -O3 -W -Wall -g -I include -I /home/admin/hpce-2017-private/scripts/cw3/scripts/include /home/admin/hpce-2017-private/scripts/cw3/scripts/src/heat.cpp -DCL_USE_DEPRECATED_OPENCL_1_1_APIS src/aes414/step_world_v3_opencl.cpp -o step_world_v3_opencl -lOpenCL) &> ./tmp/aes414/log/build_v3_opencl.log
aes414, 11, Compiling step_world_v3_opencl.cpp, PASS
(cd $WORKING_DIR && $PREPROC src/$SL/step_world_v4_double_buffered.cpp -o - | $SCRIPTS_DIR/extract_preprocessed_part.pl src/$SL/step_world_v4_double_buffered.cpp | grep enqueueBarrier - )
  queue.enqueueBarrier();
aes414, 12, Checking step_world_v4_double_buffered uses a barrier., PASS
(cd ./tmp/aes414/working && g++ -std=c++14 -O3 -W -Wall -g -I include -I /home/admin/hpce-2017-private/scripts/cw3/scripts/include /home/admin/hpce-2017-private/scripts/cw3/scripts/src/heat.cpp -DCL_USE_DEPRECATED_OPENCL_1_1_APIS src/aes414/step_world_v4_double_buffered.cpp -o step_world_v4_double_buffered -lOpenCL) &> ./tmp/aes414/log/build_v4_double_buffered.log
aes414, 13, Compiling step_world_v4_double_buffered.cpp, PASS
(cd ./tmp/aes414/working && g++ -std=c++14 -O3 -W -Wall -g -I include -I /home/admin/hpce-2017-private/scripts/cw3/scripts/include /home/admin/hpce-2017-private/scripts/cw3/scripts/src/heat.cpp -DCL_USE_DEPRECATED_OPENCL_1_1_APIS src/aes414/step_world_v5_packed_properties.cpp -o step_world_v5_packed_properties -lOpenCL) &> ./tmp/aes414/log/build_v5_packed_properties.log
aes414, 14, Compiling step_world_v5_packed_properties.cpp, PASS
Loaded world with w=256, h=256
Stepping by dt=0.1 for n=1
(cd ./tmp/aes414/working && (cat test_15.input | ./step_world_v1_lambda > test_15.got) && (cat test_15.got | /home/admin/hpce-2017-private/scripts/cw3/scripts/src/compare_worlds test_15.ref) ) &> ./tmp/aes414/log/test_15.log
aes414, 15, Check output of step_world_v1_lambda for one time step versus reference., PASS
(cd ./tmp/aes414/working && /home/admin/hpce-2017-private/scripts/cw3/scripts/src/make_world 256 256 | ./step_world_v1_lambda | /home/admin/hpce-2017-private/scripts/cw3/scripts/src/compare_worlds <(/home/admin/hpce-2017-private/scripts/cw3/scripts/src/make_world 256 256 | /home/admin/hpce-2017-private/scripts/cw3/scripts/src/step_world)) &> ./tmp/aes414/log/test_16.log
aes414, 16, Check output of step_world_v1_lambda for one time step versus reference., PASS
(cd ./tmp/aes414/working && /home/admin/hpce-2017-private/scripts/cw3/scripts/src/make_world 100 200 | ./step_world_v1_lambda 0.5 4 | /home/admin/hpce-2017-private/scripts/cw3/scripts/src/compare_worlds <(/home/admin/hpce-2017-private/scripts/cw3/scripts/src/make_world 100 200 | /home/admin/hpce-2017-private/scripts/cw3/scripts/src/step_world 0.5 4)) &> ./tmp/aes414/log/test_17.log
aes414, 17, Check output of step_world_v1_lambda for four time steps versus reference., PASS
(cd ./tmp/aes414/working && /home/admin/hpce-2017-private/scripts/cw3/scripts/src/make_world 256 256 | ./step_world_v2_function | /home/admin/hpce-2017-private/scripts/cw3/scripts/src/compare_worlds <(/home/admin/hpce-2017-private/scripts/cw3/scripts/src/make_world 256 256 | /home/admin/hpce-2017-private/scripts/cw3/scripts/src/step_world)) &> ./tmp/aes414/log/test_18.log
aes414, 18, Check output of step_world_v2_function for one time step versus reference., PASS
(cd ./tmp/aes414/working && /home/admin/hpce-2017-private/scripts/cw3/scripts/src/make_world 100 200 | ./step_world_v2_function 0.5 4 | /home/admin/hpce-2017-private/scripts/cw3/scripts/src/compare_worlds <(/home/admin/hpce-2017-private/scripts/cw3/scripts/src/make_world 100 200 | /home/admin/hpce-2017-private/scripts/cw3/scripts/src/step_world 0.5 4)) &> ./tmp/aes414/log/test_19.log
aes414, 19, Check output of step_world_v2_function for four time steps versus reference., PASS
(cd ./tmp/aes414/working && /home/admin/hpce-2017-private/scripts/cw3/scripts/src/make_world 64 64 | ./step_world_v3_opencl | /home/admin/hpce-2017-private/scripts/cw3/scripts/src/compare_worlds <(/home/admin/hpce-2017-private/scripts/cw3/scripts/src/make_world 64 64 | /home/admin/hpce-2017-private/scripts/cw3/scripts/src/step_world )) &> ./tmp/aes414/log/test_20.log
aes414, 20, Check output of step_world_v3_opencl for one time step versus reference., PASS
(cd ./tmp/aes414/working && /home/admin/hpce-2017-private/scripts/cw3/scripts/src/make_world 300 60 | ./step_world_v3_opencl 0.2 8 | /home/admin/hpce-2017-private/scripts/cw3/scripts/src/compare_worlds <(/home/admin/hpce-2017-private/scripts/cw3/scripts/src/make_world 300 60 | /home/admin/hpce-2017-private/scripts/cw3/scripts/src/step_world 0.2 8 )) &> ./tmp/aes414/log/test_21.log
aes414, 21, Check output of step_world_v3_opencl for eight time steps versus reference., PASS
(cd ./tmp/aes414/working && /home/admin/hpce-2017-private/scripts/cw3/scripts/src/make_world 64 64 | ./step_world_v4_double_buffered | /home/admin/hpce-2017-private/scripts/cw3/scripts/src/compare_worlds <(/home/admin/hpce-2017-private/scripts/cw3/scripts/src/make_world 64 64 | /home/admin/hpce-2017-private/scripts/cw3/scripts/src/step_world )) &> ./tmp/aes414/log/test_22.log
aes414, 22, Check output of step_world_v4_double_buffered for one time step versus reference., PASS
(cd ./tmp/aes414/working && /home/admin/hpce-2017-private/scripts/cw3/scripts/src/make_world 300 60 | ./step_world_v4_double_buffered 0.3 8 | /home/admin/hpce-2017-private/scripts/cw3/scripts/src/compare_worlds <(/home/admin/hpce-2017-private/scripts/cw3/scripts/src/make_world 300 60 | /home/admin/hpce-2017-private/scripts/cw3/scripts/src/step_world 0.3 8 )) &> ./tmp/aes414/log/test_23.log
aes414, 23, Check output of step_world_v4_double_buffered for eight time steps versus reference., PASS
(cd ./tmp/aes414/working && /home/admin/hpce-2017-private/scripts/cw3/scripts/src/make_world 64 64 | ./step_world_v5_packed_properties | /home/admin/hpce-2017-private/scripts/cw3/scripts/src/compare_worlds <(/home/admin/hpce-2017-private/scripts/cw3/scripts/src/make_world 64 64 | /home/admin/hpce-2017-private/scripts/cw3/scripts/src/step_world )) &> ./tmp/aes414/log/test_24.log
aes414, 24, Check output of step_world_v5_packed_properties for one time step versus reference., PASS
(cd ./tmp/aes414/working && /home/admin/hpce-2017-private/scripts/cw3/scripts/src/make_world 50 90 | ./step_world_v5_packed_properties 0.4 10 | /home/admin/hpce-2017-private/scripts/cw3/scripts/src/compare_worlds <(/home/admin/hpce-2017-private/scripts/cw3/scripts/src/make_world 50 90 | /home/admin/hpce-2017-private/scripts/cw3/scripts/src/step_world 0.4 10 )) &> ./tmp/aes414/log/test_25.log
aes414, 25, Check output of step_world_v5_packed_properties for ten time steps versus reference., PASS
Loaded world with w=256, h=256
Stepping by dt=0.1 for n=2048
Found 2 platforms
  Platform 0 : NVIDIA Corporation
  Platform 1 : Advanced Micro Devices, Inc.
Choosing platform 0
Found 1 devices
  Device 0 : GRID K520
Choosing device 0
Loaded world with w=256, h=256
Stepping by dt=0.1 for n=2048
Found 2 platforms
  Platform 0 : NVIDIA Corporation
  Platform 1 : Advanced Micro Devices, Inc.
Choosing platform 0
Found 1 devices
  Device 0 : GRID K520
Choosing device 0
Loaded world with w=256, h=256
Stepping by dt=0.1 for n=2048
Found 2 platforms
  Platform 0 : NVIDIA Corporation
  Platform 1 : Advanced Micro Devices, Inc.
Choosing platform 0
Found 1 devices
  Device 0 : GRID K520
Choosing device 0
true
aes414, 26, For n=256, steps=2048: Check time for v3 (0.82) is more than 1.2 x v4 (0.39), PASS
true
aes414, 27, For n=256, steps=2048: Check time for v4 (0.39) is more than 1.01 (updated) x v5 (0.38), PASS

Passed 28 out of 28 tests.
